This is pdfTeX, Version 3.141592653-2.6-1.40.28 (TeX Live 2025) (preloaded format=pdflatex 2025.11.23)  4 JAN 2026 23:41
entering extended mode
 restricted \write18 enabled.
 %&-line parsing enabled.
**bare_jrnl_new_sample4.tex
(./bare_jrnl_new_sample4.tex
LaTeX2e <2025-11-01>
L3 programming layer <2025-11-06>
(./IEEEtran.cls
Document Class: IEEEtran 2015/08/26 V1.8b by Michael Shell
-- See the "IEEEtran_HOWTO" manual for usage information.
-- http://www.michaelshell.org/tex/ieeetran/
\@IEEEtrantmpdimenA=\dimen148
\@IEEEtrantmpdimenB=\dimen149
\@IEEEtrantmpdimenC=\dimen150
\@IEEEtrantmpcountA=\count275
\@IEEEtrantmpcountB=\count276
\@IEEEtrantmpcountC=\count277
\@IEEEtrantmptoksA=\toks17
LaTeX Font Info:    Trying to load font information for OT1+ptm on input line 5
03.
(g:/TeX Live/texlive/2025/texmf-dist/tex/latex/psnfss/ot1ptm.fd
File: ot1ptm.fd 2001/06/04 font definitions for OT1/ptm.
)
-- Using 8.5in x 11in (letter) paper.
-- Using PDF output.
\@IEEEnormalsizeunitybaselineskip=\dimen151
-- This is a 10 point document.
LaTeX Encoding Info:    Redeclaring text command \textunderscore (encoding ?) o
n input line 940.
\CLASSINFOnormalsizebaselineskip=\dimen152
\CLASSINFOnormalsizeunitybaselineskip=\dimen153
\IEEEnormaljot=\dimen154
LaTeX Font Info:    Font shape `OT1/ptm/bx/n' in size <5> not available
(Font)              Font shape `OT1/ptm/b/n' tried instead on input line 1086.
LaTeX Font Info:    Font shape `OT1/ptm/bx/it' in size <5> not available
(Font)              Font shape `OT1/ptm/b/it' tried instead on input line 1086.

LaTeX Font Info:    Font shape `OT1/ptm/bx/n' in size <7> not available
(Font)              Font shape `OT1/ptm/b/n' tried instead on input line 1086.
LaTeX Font Info:    Font shape `OT1/ptm/bx/it' in size <7> not available
(Font)              Font shape `OT1/ptm/b/it' tried instead on input line 1086.

LaTeX Font Info:    Font shape `OT1/ptm/bx/n' in size <8> not available
(Font)              Font shape `OT1/ptm/b/n' tried instead on input line 1086.
LaTeX Font Info:    Font shape `OT1/ptm/bx/it' in size <8> not available
(Font)              Font shape `OT1/ptm/b/it' tried instead on input line 1086.

LaTeX Font Info:    Font shape `OT1/ptm/bx/n' in size <9> not available
(Font)              Font shape `OT1/ptm/b/n' tried instead on input line 1086.
LaTeX Font Info:    Font shape `OT1/ptm/bx/it' in size <9> not available
(Font)              Font shape `OT1/ptm/b/it' tried instead on input line 1086.

LaTeX Font Info:    Font shape `OT1/ptm/bx/n' in size <10> not available
(Font)              Font shape `OT1/ptm/b/n' tried instead on input line 1086.
LaTeX Font Info:    Font shape `OT1/ptm/bx/it' in size <10> not available
(Font)              Font shape `OT1/ptm/b/it' tried instead on input line 1086.

LaTeX Font Info:    Font shape `OT1/ptm/bx/n' in size <11> not available
(Font)              Font shape `OT1/ptm/b/n' tried instead on input line 1086.
LaTeX Font Info:    Font shape `OT1/ptm/bx/it' in size <11> not available
(Font)              Font shape `OT1/ptm/b/it' tried instead on input line 1086.

LaTeX Font Info:    Font shape `OT1/ptm/bx/n' in size <12> not available
(Font)              Font shape `OT1/ptm/b/n' tried instead on input line 1086.
LaTeX Font Info:    Font shape `OT1/ptm/bx/it' in size <12> not available
(Font)              Font shape `OT1/ptm/b/it' tried instead on input line 1086.

LaTeX Font Info:    Font shape `OT1/ptm/bx/n' in size <18> not available
(Font)              Font shape `OT1/ptm/b/n' tried instead on input line 1086.
LaTeX Font Info:    Font shape `OT1/ptm/bx/it' in size <18> not available
(Font)              Font shape `OT1/ptm/b/it' tried instead on input line 1086.

\IEEEquantizedlength=\dimen155
\IEEEquantizedlengthdiff=\dimen156
\IEEEquantizedtextheightdiff=\dimen157
\IEEEilabelindentA=\dimen158
\IEEEilabelindentB=\dimen159
\IEEEilabelindent=\dimen160
\IEEEelabelindent=\dimen161
\IEEEdlabelindent=\dimen162
\IEEElabelindent=\dimen163
\IEEEiednormlabelsep=\dimen164
\IEEEiedmathlabelsep=\dimen165
\IEEEiedtopsep=\skip49
\c@section=\count278
\c@subsection=\count279
\c@subsubsection=\count280
\c@paragraph=\count281
\c@IEEEsubequation=\count282
\abovecaptionskip=\skip50
\belowcaptionskip=\skip51
\c@figure=\count283
\c@table=\count284
\@IEEEeqnnumcols=\count285
\@IEEEeqncolcnt=\count286
\@IEEEsubeqnnumrollback=\count287
\@IEEEquantizeheightA=\dimen166
\@IEEEquantizeheightB=\dimen167
\@IEEEquantizeheightC=\dimen168
\@IEEEquantizeprevdepth=\dimen169
\@IEEEquantizemultiple=\count288
\@IEEEquantizeboxA=\box53
\@IEEEtmpitemindent=\dimen170
\IEEEPARstartletwidth=\dimen171
\c@IEEEbiography=\count289
\@IEEEtranrubishbin=\box54
) (g:/TeX Live/texlive/2025/texmf-dist/tex/latex/amsmath/amsmath.sty
Package: amsmath 2025/07/09 v2.17z AMS math features
\@mathmargin=\skip52

For additional information on amsmath, use the `?' option.
(g:/TeX Live/texlive/2025/texmf-dist/tex/latex/amsmath/amstext.sty
Package: amstext 2024/11/17 v2.01 AMS text

(g:/TeX Live/texlive/2025/texmf-dist/tex/latex/amsmath/amsgen.sty
File: amsgen.sty 1999/11/30 v2.0 generic functions
\@emptytoks=\toks18
\ex@=\dimen172
))
(g:/TeX Live/texlive/2025/texmf-dist/tex/latex/amsmath/amsbsy.sty
Package: amsbsy 1999/11/29 v1.2d Bold Symbols
\pmbraise@=\dimen173
)
(g:/TeX Live/texlive/2025/texmf-dist/tex/latex/amsmath/amsopn.sty
Package: amsopn 2022/04/08 v2.04 operator names
)
\inf@bad=\count290
LaTeX Info: Redefining \frac on input line 233.
\uproot@=\count291
\leftroot@=\count292
LaTeX Info: Redefining \overline on input line 398.
LaTeX Info: Redefining \colon on input line 409.
\classnum@=\count293
\DOTSCASE@=\count294
LaTeX Info: Redefining \ldots on input line 495.
LaTeX Info: Redefining \dots on input line 498.
LaTeX Info: Redefining \cdots on input line 619.
\Mathstrutbox@=\box55
\strutbox@=\box56
LaTeX Info: Redefining \big on input line 721.
LaTeX Info: Redefining \Big on input line 722.
LaTeX Info: Redefining \bigg on input line 723.
LaTeX Info: Redefining \Bigg on input line 724.
\big@size=\dimen174
LaTeX Font Info:    Redeclaring font encoding OML on input line 742.
LaTeX Font Info:    Redeclaring font encoding OMS on input line 743.
\macc@depth=\count295
LaTeX Info: Redefining \bmod on input line 904.
LaTeX Info: Redefining \pmod on input line 909.
LaTeX Info: Redefining \smash on input line 939.
LaTeX Info: Redefining \relbar on input line 969.
LaTeX Info: Redefining \Relbar on input line 970.
\c@MaxMatrixCols=\count296
\dotsspace@=\muskip17
\c@parentequation=\count297
\dspbrk@lvl=\count298
\tag@help=\toks19
\row@=\count299
\column@=\count300
\maxfields@=\count301
\andhelp@=\toks20
\eqnshift@=\dimen175
\alignsep@=\dimen176
\tagshift@=\dimen177
\tagwidth@=\dimen178
\totwidth@=\dimen179
\lineht@=\dimen180
\@envbody=\toks21
\multlinegap=\skip53
\multlinetaggap=\skip54
\mathdisplay@stack=\toks22
LaTeX Info: Redefining \[ on input line 2950.
LaTeX Info: Redefining \] on input line 2951.
)
(g:/TeX Live/texlive/2025/texmf-dist/tex/latex/amsfonts/amsfonts.sty
Package: amsfonts 2013/01/14 v3.01 Basic AMSFonts support
\symAMSa=\mathgroup4
\symAMSb=\mathgroup5
LaTeX Font Info:    Redeclaring math symbol \hbar on input line 98.
LaTeX Font Info:    Overwriting math alphabet `\mathfrak' in version `bold'
(Font)                  U/euf/m/n --> U/euf/b/n on input line 106.
)
(g:/TeX Live/texlive/2025/texmf-dist/tex/latex/algorithms/algorithmic.sty
Package: algorithmic 2009/08/24 v0.1 Document Style `algorithmic'

(g:/TeX Live/texlive/2025/texmf-dist/tex/latex/base/ifthen.sty
Package: ifthen 2024/03/16 v1.1e Standard LaTeX ifthen package (DPC)
)
(g:/TeX Live/texlive/2025/texmf-dist/tex/latex/graphics/keyval.sty
Package: keyval 2022/05/29 v1.15 key=value parser (DPC)
\KV@toks@=\toks23
)
\c@ALC@unique=\count302
\c@ALC@line=\count303
\c@ALC@rem=\count304
\c@ALC@depth=\count305
\ALC@tlm=\skip55
\algorithmicindent=\skip56
)
(g:/TeX Live/texlive/2025/texmf-dist/tex/latex/algorithms/algorithm.sty
Package: algorithm 2009/08/24 v0.1 Document Style `algorithm' - floating enviro
nment

(g:/TeX Live/texlive/2025/texmf-dist/tex/latex/float/float.sty
Package: float 2001/11/08 v1.3d Float enhancements (AL)
\c@float@type=\count306
\float@exts=\toks24
\float@box=\box57
\@float@everytoks=\toks25
\@floatcapt=\box58
)
\@float@every@algorithm=\toks26
\c@algorithm=\count307
)
(g:/TeX Live/texlive/2025/texmf-dist/tex/latex/tools/array.sty
Package: array 2025/09/25 v2.6n Tabular extension package (FMi)
\col@sep=\dimen181
\ar@mcellbox=\box59
\extrarowheight=\dimen182
\NC@list=\toks27
\extratabsurround=\skip57
\backup@length=\skip58
\ar@cellbox=\box60
)
(g:/TeX Live/texlive/2025/texmf-dist/tex/latex/subfig/subfig.sty
Package: subfig 2005/06/28 ver: 1.3 subfig package

(g:/TeX Live/texlive/2025/texmf-dist/tex/latex/caption/caption3.sty
Package: caption3 2023/07/31 v2.4d caption3 kernel (AR)
\caption@tempdima=\dimen183
\captionmargin=\dimen184
\caption@leftmargin=\dimen185
\caption@rightmargin=\dimen186
\caption@width=\dimen187
\caption@indent=\dimen188
\caption@parindent=\dimen189
\caption@hangindent=\dimen190
Package caption Info: Unknown document class (or package),
(caption)             standard defaults will be used.
Package caption Info: \@makecaption = \long macro:#1#2->\ifx \@captype \@IEEEta
blestring \footnotesize \bgroup \par \centering \@IEEEtabletopskipstrut {\norma
lfont \footnotesize #1}\\{\normalfont \footnotesize \scshape #2}\par \addvspace
 {0.5\baselineskip }\egroup \@IEEEtablecaptionsepspace \else \@IEEEfigurecaptio
nsepspace \setbox \@tempboxa \hbox {\normalfont \footnotesize {#1.}\nobreakspac
e \nobreakspace #2}\ifdim \wd \@tempboxa >\hsize \setbox \@tempboxa \hbox {\nor
malfont \footnotesize {#1.}\nobreakspace \nobreakspace }\parbox [t]{\hsize }{\n
ormalfont \footnotesize \noindent \unhbox \@tempboxa #2}\else \ifCLASSOPTIONcon
ference \hbox to\hsize {\normalfont \footnotesize \hfil \box \@tempboxa \hfil }
\else \hbox to\hsize {\normalfont \footnotesize \box \@tempboxa \hfil }\fi \fi 
\fi  on input line 1175.
)
\c@KVtest=\count308
\sf@farskip=\skip59
\sf@captopadj=\dimen191
\sf@capskip=\skip60
\sf@nearskip=\skip61
\c@subfigure=\count309
\c@subfigure@save=\count310
\c@lofdepth=\count311
\c@subtable=\count312
\c@subtable@save=\count313
\c@lotdepth=\count314
\sf@top=\skip62
\sf@bottom=\skip63
)
(g:/TeX Live/texlive/2025/texmf-dist/tex/latex/base/textcomp.sty
Package: textcomp 2024/04/24 v2.1b Standard LaTeX package
)
(g:/TeX Live/texlive/2025/texmf-dist/tex/latex/sttools/stfloats.sty
Package: stfloats 2025/06/18 v3.4 Improve float mechanism and baselineskip sett
ings
\@dblbotnum=\count315
\c@dblbotnumber=\count316
)
(g:/TeX Live/texlive/2025/texmf-dist/tex/latex/url/url.sty
\Urlmuskip=\muskip18
Package: url 2013/09/16  ver 3.4  Verb mode for urls, etc.
)
(g:/TeX Live/texlive/2025/texmf-dist/tex/latex/tools/verbatim.sty
Package: verbatim 2024-01-22 v1.5x LaTeX2e package for verbatim enhancements
\every@verbatim=\toks28
\verbatim@line=\toks29
\verbatim@in@stream=\read2
)
(g:/TeX Live/texlive/2025/texmf-dist/tex/latex/graphics/graphicx.sty
Package: graphicx 2024/12/31 v1.2e Enhanced LaTeX Graphics (DPC,SPQR)

(g:/TeX Live/texlive/2025/texmf-dist/tex/latex/graphics/graphics.sty
Package: graphics 2024/08/06 v1.4g Standard LaTeX Graphics (DPC,SPQR)

(g:/TeX Live/texlive/2025/texmf-dist/tex/latex/graphics/trig.sty
Package: trig 2023/12/02 v1.11 sin cos tan (DPC)
)
(g:/TeX Live/texlive/2025/texmf-dist/tex/latex/graphics-cfg/graphics.cfg
File: graphics.cfg 2016/06/04 v1.11 sample graphics configuration
)
Package graphics Info: Driver file: pdftex.def on input line 106.

(g:/TeX Live/texlive/2025/texmf-dist/tex/latex/graphics-def/pdftex.def
File: pdftex.def 2025/09/29 v1.2d Graphics/color driver for pdftex
))
\Gin@req@height=\dimen192
\Gin@req@width=\dimen193
)
(g:/TeX Live/texlive/2025/texmf-dist/tex/latex/cite/cite.sty
LaTeX Info: Redefining \cite on input line 302.
LaTeX Info: Redefining \nocite on input line 332.
Package: cite 2015/02/27  v 5.5
)
(g:/TeX Live/texlive/2025/texmf-dist/tex/latex/xcolor/xcolor.sty
Package: xcolor 2024/09/29 v3.02 LaTeX color extensions (UK)

(g:/TeX Live/texlive/2025/texmf-dist/tex/latex/graphics-cfg/color.cfg
File: color.cfg 2016/01/02 v1.6 sample color configuration
)
Package xcolor Info: Driver file: pdftex.def on input line 274.

(g:/TeX Live/texlive/2025/texmf-dist/tex/latex/graphics/mathcolor.ltx)
Package xcolor Info: Model `cmy' substituted by `cmy0' on input line 1349.
Package xcolor Info: Model `hsb' substituted by `rgb' on input line 1353.
Package xcolor Info: Model `RGB' extended on input line 1365.
Package xcolor Info: Model `HTML' substituted by `rgb' on input line 1367.
Package xcolor Info: Model `Hsb' substituted by `hsb' on input line 1368.
Package xcolor Info: Model `tHsb' substituted by `hsb' on input line 1369.
Package xcolor Info: Model `HSB' substituted by `hsb' on input line 1370.
Package xcolor Info: Model `Gray' substituted by `gray' on input line 1371.
Package xcolor Info: Model `wave' substituted by `hsb' on input line 1372.
)
(g:/TeX Live/texlive/2025/texmf-dist/tex/latex/l3backend/l3backend-pdftex.def
File: l3backend-pdftex.def 2025-10-09 L3 backend support: PDF output (pdfTeX)
\l__color_backend_stack_int=\count317
)

LaTeX Warning: Unused global option(s):
    [lettersize].

(./bare_jrnl_new_sample4.aux)
\openout1 = `bare_jrnl_new_sample4.aux'.

LaTeX Font Info:    Checking defaults for OML/cmm/m/it on input line 19.
LaTeX Font Info:    ... okay on input line 19.
LaTeX Font Info:    Checking defaults for OMS/cmsy/m/n on input line 19.
LaTeX Font Info:    ... okay on input line 19.
LaTeX Font Info:    Checking defaults for OT1/cmr/m/n on input line 19.
LaTeX Font Info:    ... okay on input line 19.
LaTeX Font Info:    Checking defaults for T1/cmr/m/n on input line 19.
LaTeX Font Info:    ... okay on input line 19.
LaTeX Font Info:    Checking defaults for TS1/cmr/m/n on input line 19.
LaTeX Font Info:    ... okay on input line 19.
LaTeX Font Info:    Checking defaults for OMX/cmex/m/n on input line 19.
LaTeX Font Info:    ... okay on input line 19.
LaTeX Font Info:    Checking defaults for U/cmr/m/n on input line 19.
LaTeX Font Info:    ... okay on input line 19.

-- Lines per column: 58 (exact).
Package caption Info: Begin \AtBeginDocument code.
Package caption Info: subfig package v1.3 is loaded.
Package caption Info: End \AtBeginDocument code.
(g:/TeX Live/texlive/2025/texmf-dist/tex/context/base/mkii/supp-pdf.mkii
[Loading MPS to PDF converter (version 2006.09.02).]
\scratchcounter=\count318
\scratchdimen=\dimen194
\scratchbox=\box61
\nofMPsegments=\count319
\nofMParguments=\count320
\everyMPshowfont=\toks30
\MPscratchCnt=\count321
\MPscratchDim=\dimen195
\MPnumerator=\count322
\makeMPintoPDFobject=\count323
\everyMPtoPDFconversion=\toks31
) (g:/TeX Live/texlive/2025/texmf-dist/tex/latex/epstopdf-pkg/epstopdf-base.sty
Package: epstopdf-base 2020-01-24 v2.11 Base part for package epstopdf
Package epstopdf-base Info: Redefining graphics rule for `.eps' on input line 4
85.
(g:/TeX Live/texlive/2025/texmf-dist/tex/latex/latexconfig/epstopdf-sys.cfg
File: epstopdf-sys.cfg 2010/07/13 v1.3 Configuration of (r)epstopdf for TeX Liv
e
))
LaTeX Font Info:    Trying to load font information for U+msa on input line 43.


(g:/TeX Live/texlive/2025/texmf-dist/tex/latex/amsfonts/umsa.fd
File: umsa.fd 2013/01/14 v3.01 AMS symbols A
)
LaTeX Font Info:    Trying to load font information for U+msb on input line 43.


(g:/TeX Live/texlive/2025/texmf-dist/tex/latex/amsfonts/umsb.fd
File: umsb.fd 2013/01/14 v3.01 AMS symbols B
) [1{g:/TeX Live/texlive/2025/texmf-var/fonts/map/pdftex/updmap/pdftex.map}{g:/
TeX Live/texlive/2025/texmf-dist/fonts/enc/dvips/base/8r.enc}


]
<fig1.png, id=9, 188.20313pt x 173.89969pt>
File: fig1.png Graphic file (type png)
<use fig1.png>
Package pdftex.def Info: fig1.png  used on input line 136.
(pdftex.def)             Requested size: 180.67499pt x 166.95505pt.
<images/overview_eng.png, id=10, 683.55376pt x 683.55376pt>
File: images/overview_eng.png Graphic file (type png)
<use images/overview_eng.png>
Package pdftex.def Info: images/overview_eng.png  used on input line 143.
(pdftex.def)             Requested size: 180.67499pt x 180.67152pt.
 [2 <./fig1.png>]

LaTeX Warning: Reference `data_fusion_object' on page 3 undefined on input line
 163.

<images/framework_architecture.pdf, id=22, 963.6pt x 542.025pt>
File: images/framework_architecture.pdf Graphic file (type pdf)
<use images/framework_architecture.pdf>
Package pdftex.def Info: images/framework_architecture.pdf  used on input line 
186.
(pdftex.def)             Requested size: 516.0pt x 290.25757pt.

LaTeX Warning: Reference `' on page 3 undefined on input line 193.

[3 <./images/overview_eng.png>]
<images/client_server.png, id=28, 872.50969pt x 256.70906pt>
File: images/client_server.png Graphic file (type png)
<use images/client_server.png>
Package pdftex.def Info: images/client_server.png  used on input line 198.
(pdftex.def)             Requested size: 180.67499pt x 53.1584pt.
LaTeX Font Info:    Trying to load font information for OT1+pcr on input line 2
51.

(g:/TeX Live/texlive/2025/texmf-dist/tex/latex/psnfss/ot1pcr.fd
File: ot1pcr.fd 2001/06/04 font definitions for OT1/pcr.
)
Underfull \hbox (badness 10000) in paragraph at lines 251--251
[]\OT1/pcr/m/n/10 Describe the image briefly and
 []


Underfull \hbox (badness 10000) in paragraph at lines 251--251
\OT1/pcr/m/n/10 precisely using the object data
 []

LaTeX Font Info:    Trying to load font information for OMS+pcr on input line 2
51.
(g:/TeX Live/texlive/2025/texmf-dist/tex/latex/psnfss/omspcr.fd
File: omspcr.fd 
)
LaTeX Font Info:    Font shape `OMS/pcr/m/n' in size <10> not available
(Font)              Font shape `OMS/cmsy/m/n' tried instead on input line 251.

Underfull \hbox (badness 10000) in paragraph at lines 251--251
[]\OT1/pcr/m/n/10 Please describe what can be seen in
 []


Underfull \hbox (badness 10000) in paragraph at lines 251--251
\OT1/pcr/m/n/10 the image, where important objects are
 []


Underfull \hbox (badness 10000) in paragraph at lines 251--251
\OT1/pcr/m/n/10 located, and provide information about
 []


LaTeX Warning: Reference `' on page 4 undefined on input line 255.

File: fig1.png Graphic file (type png)
<use fig1.png>
Package pdftex.def Info: fig1.png  used on input line 260.
(pdftex.def)             Requested size: 180.67499pt x 166.95505pt.
<images/yolo_timeline_yolo11l_tensorRT.png, id=29, 1438.173pt x 853.5087pt>
File: images/yolo_timeline_yolo11l_tensorRT.png Graphic file (type png)
<use images/yolo_timeline_yolo11l_tensorRT.png>
Package pdftex.def Info: images/yolo_timeline_yolo11l_tensorRT.png  used on inp
ut line 268.
(pdftex.def)             Requested size: 247.53888pt x 146.90482pt.
<images/timing_breakdown.png, id=30, 453.6147pt x 340.8735pt>
File: images/timing_breakdown.png Graphic file (type png)
<use images/timing_breakdown.png>
Package pdftex.def Info: images/timing_breakdown.png  used on input line 274.
(pdftex.def)             Requested size: 247.53888pt x 186.01422pt.
<images/yolo_performance_1_of_2.png, id=31, 1438.173pt x 1136.5662pt>
File: images/yolo_performance_1_of_2.png Graphic file (type png)
<use images/yolo_performance_1_of_2.png>
Package pdftex.def Info: images/yolo_performance_1_of_2.png  used on input line
 280.
(pdftex.def)             Requested size: 247.53888pt x 195.62431pt.
[4 <./images/framework_architecture.pdf> <./images/client_server.png>] [5 <./im
ages/yolo_timeline_yolo11l_tensorRT.png> <./images/timing_breakdown.png> <./ima
ges/yolo_performance_1_of_2.png>]
Underfull \hbox (badness 10000) in paragraph at lines 318--320
[]\OT1/ptm/m/n/10 For mul-ti-ple ci-ta-tions code as fol-lows:
 []


Underfull \hbox (badness 10000) in paragraph at lines 318--320
\OMS/cmsy/m/n/10 n$\OT1/pcr/m/n/10 cite\OMS/cmsy/m/n/10 f\OT1/pcr/m/n/10 ref1,r
ef2,ref3\OMS/cmsy/m/n/10 g \OT1/ptm/m/n/10 which will pro-duce [1]--
 []


Underfull \hbox (badness 4739) in paragraph at lines 318--320
\OMS/cmsy/m/n/10 n$\OT1/pcr/m/n/10 cite\OMS/cmsy/m/n/10 f\OT1/pcr/m/n/10 ref1,r
ef2,ref3,ref9\OMS/cmsy/m/n/10 g \OT1/ptm/m/n/10 which will pro-duce
 []


Underfull \hbox (badness 10000) in paragraph at lines 322--323

 []

File: fig1.png Graphic file (type png)
<use fig1.png>
Package pdftex.def Info: fig1.png  used on input line 362.
(pdftex.def)             Requested size: 180.67499pt x 166.95505pt.
File: fig1.png Graphic file (type png)
<use fig1.png>
Package pdftex.def Info: fig1.png  used on input line 377.
(pdftex.def)             Requested size: 180.67499pt x 166.95505pt.
LaTeX Font Info:    Trying to load font information for OT1+phv on input line 3
77.
(g:/TeX Live/texlive/2025/texmf-dist/tex/latex/psnfss/ot1phv.fd
File: ot1phv.fd 2020/03/25 scalable font definitions for OT1/phv.
)
File: fig1.png Graphic file (type png)
<use fig1.png>
Package pdftex.def Info: fig1.png  used on input line 380.
(pdftex.def)             Requested size: 180.67499pt x 166.95505pt.
 [6]
LaTeX Font Info:    Trying to load font information for TS1+ptm on input line 4
38.

(g:/TeX Live/texlive/2025/texmf-dist/tex/latex/psnfss/ts1ptm.fd
File: ts1ptm.fd 2001/06/04 font definitions for TS1/ptm.
)
Underfull \hbox (badness 10000) in paragraph at lines 442--443
[]\OT1/ptm/m/n/10 Further ex-am-ples can be found at $http : / / journals .
 []


Underfull \hbox (badness 10000) in paragraph at lines 442--443
\OT1/ptm/m/n/10 ieeeauthorcenter . ieee . org / wp-[]content / uploads / sites 
/ 7 /
 []


Underfull \hbox (badness 10000) in paragraph at lines 469--471

 []

[7] [8] [9]
Underfull \hbox (badness 4832) in paragraph at lines 764--769
[]\OT1/ptm/m/n/10 You can use a bib-li-og-ra-phy gen-er-ated by Bib-TeX
 []


Underfull \hbox (badness 4608) in paragraph at lines 764--769
\OT1/ptm/m/n/10 as a .bbl file. Bib-TeX doc-u-men-ta-tion can be eas-ily
 []


Underfull \hbox (badness 6380) in paragraph at lines 764--769
\OT1/ptm/m/n/10 ob-tained at: http://mirror.ctan.org/biblio/bibtex/contrib/doc/

 []


Underfull \hbox (badness 10000) in paragraph at lines 764--769
\OT1/ptm/m/n/10 The IEEE-tran Bib-TeX style sup-port page is:
 []

File: fig1.png Graphic file (type png)
<use fig1.png>
Package pdftex.def Info: fig1.png  used on input line 824.
(pdftex.def)             Requested size: 72.27031pt x 66.77777pt.
File: fig1.png Graphic file (type png)
<use fig1.png>
Package pdftex.def Info: fig1.png  used on input line 824.
(pdftex.def)             Requested size: 72.27031pt x 66.77777pt.
LaTeX Font Info:    Font shape `OMS/pcr/m/n' in size <8> not available
(Font)              Font shape `OMS/cmsy/m/n' tried instead on input line 825.

Underfull \hbox (badness 10000) in paragraph at lines 824--827
\OT1/ptm/m/n/8 and then for the 1st ar-gu-ment use
 []


Underfull \hbox (badness 10000) in paragraph at lines 824--827
\OMS/cmsy/m/n/8 n$\OT1/pcr/m/n/8 includegraphics \OT1/ptm/m/n/8 to de-clare and
 link
 []

[10] (./bare_jrnl_new_sample4.aux)
 ***********
LaTeX2e <2025-11-01>
L3 programming layer <2025-11-06>
 ***********


LaTeX Warning: There were undefined references.

 ) 
Here is how much of TeX's memory you used:
 5459 strings out of 467537
 93071 string characters out of 5418980
 523747 words of memory out of 5000000
 34270 multiletter control sequences out of 15000+600000
 676769 words of font info for 133 fonts, out of 8000000 for 9000
 1145 hyphenation exceptions out of 8191
 57i,15n,65p,1520b,522s stack positions out of 10000i,1000n,20000p,200000b,200000s
<g:/TeX Live/texlive/2025/texmf-dist/fonts/type1/public/amsfonts/cm/cmbx10.pf
b><g:/TeX Live/texlive/2025/texmf-dist/fonts/type1/public/amsfonts/cm/cmbx7.pfb
><g:/TeX Live/texlive/2025/texmf-dist/fonts/type1/public/amsfonts/cm/cmex10.pfb
><g:/TeX Live/texlive/2025/texmf-dist/fonts/type1/public/amsfonts/cm/cmmi10.pfb
><g:/TeX Live/texlive/2025/texmf-dist/fonts/type1/public/amsfonts/cm/cmmi5.pfb>
<g:/TeX Live/texlive/2025/texmf-dist/fonts/type1/public/amsfonts/cm/cmmi7.pfb><
g:/TeX Live/texlive/2025/texmf-dist/fonts/type1/public/amsfonts/cm/cmr10.pfb><g
:/TeX Live/texlive/2025/texmf-dist/fonts/type1/public/amsfonts/cm/cmr7.pfb><g:/
TeX Live/texlive/2025/texmf-dist/fonts/type1/public/amsfonts/cm/cmsy10.pfb><g:/
TeX Live/texlive/2025/texmf-dist/fonts/type1/public/amsfonts/cm/cmsy7.pfb><g:/T
eX Live/texlive/2025/texmf-dist/fonts/type1/public/amsfonts/cm/cmsy8.pfb><g:/Te
X Live/texlive/2025/texmf-dist/fonts/type1/public/amsfonts/symbols/msbm10.pfb><
g:/TeX Live/texlive/2025/texmf-dist/fonts/type1/urw/courier/ucrr8a.pfb><g:/TeX 
Live/texlive/2025/texmf-dist/fonts/type1/urw/helvetic/uhvr8a.pfb><g:/TeX Live/t
exlive/2025/texmf-dist/fonts/type1/urw/times/utmb8a.pfb><g:/TeX Live/texlive/20
25/texmf-dist/fonts/type1/urw/times/utmbi8a.pfb><g:/TeX Live/texlive/2025/texmf
-dist/fonts/type1/urw/times/utmr8a.pfb><g:/TeX Live/texlive/2025/texmf-dist/fon
ts/type1/urw/times/utmri8a.pfb>
Output written on bare_jrnl_new_sample4.pdf (10 pages, 2194171 bytes).
PDF statistics:
 180 PDF objects out of 1000 (max. 8388607)
 104 compressed objects within 2 object streams
 0 named destinations out of 1000 (max. 500000)
 48 words of extra memory for PDF output out of 10000 (max. 10000000)

